TN:
SF:src\index.ts
FN:55,(anonymous_1)
FN:57,(anonymous_2)
FN:364,wrapWithDarkMode
FN:376,get
FN:377,(anonymous_5)
FN:382,(anonymous_6)
FN:395,generateUtilityCss
FN:409,(anonymous_8)
FN:423,(anonymous_9)
FN:1402,logicalProp
FN:1463,parseArbitraryValue
FN:1555,generateUtilityCssWithArbitrary
FN:1567,(anonymous_13)
FN:1574,(anonymous_14)
FN:1577,(anonymous_15)
FN:1590,(anonymous_16)
FN:1594,(anonymous_17)
FN:1603,(anonymous_18)
FN:1608,(anonymous_19)
FN:1652,(anonymous_20)
FN:1747,(anonymous_21)
FN:1752,(anonymous_22)
FN:1767,(anonymous_23)
FN:1768,(anonymous_24)
FN:1777,(anonymous_25)
FN:1788,(anonymous_26)
FN:1789,(anonymous_27)
FN:1801,(anonymous_28)
FN:1806,(anonymous_29)
FN:1832,(anonymous_30)
FN:1857,(anonymous_31)
FN:1866,(anonymous_32)
FN:1882,(anonymous_33)
FN:1904,(anonymous_34)
FN:1910,(anonymous_35)
FN:1935,(anonymous_36)
FN:1938,(anonymous_37)
FN:1944,(anonymous_38)
FN:1966,wrapDarkMode
FN:1970,(anonymous_40)
FN:1980,(anonymous_41)
FN:1998,(anonymous_42)
FN:2008,(anonymous_43)
FN:2009,(anonymous_44)
FN:2011,(anonymous_45)
FN:2013,(anonymous_46)
FN:2021,(anonymous_47)
FN:2026,(anonymous_48)
FN:2041,(anonymous_49)
FN:2093,(anonymous_50)
FN:2142,(anonymous_51)
FNF:51
FNH:37
FNDA:8,(anonymous_1)
FNDA:8,(anonymous_2)
FNDA:0,wrapWithDarkMode
FNDA:11376,get
FNDA:11376,(anonymous_5)
FNDA:13856,(anonymous_6)
FNDA:10958,generateUtilityCss
FNDA:160,(anonymous_8)
FNDA:4816,(anonymous_9)
FNDA:0,logicalProp
FNDA:12,parseArbitraryValue
FNDA:12,generateUtilityCssWithArbitrary
FNDA:8,(anonymous_13)
FNDA:8,(anonymous_14)
FNDA:8,(anonymous_15)
FNDA:8,(anonymous_16)
FNDA:0,(anonymous_17)
FNDA:152,(anonymous_18)
FNDA:1666,(anonymous_19)
FNDA:160,(anonymous_20)
FNDA:8,(anonymous_21)
FNDA:10958,(anonymous_22)
FNDA:11,(anonymous_23)
FNDA:11,(anonymous_24)
FNDA:1,(anonymous_25)
FNDA:11,(anonymous_26)
FNDA:19,(anonymous_27)
FNDA:5,(anonymous_28)
FNDA:5,(anonymous_29)
FNDA:2,(anonymous_30)
FNDA:1,(anonymous_31)
FNDA:1,(anonymous_32)
FNDA:0,(anonymous_33)
FNDA:1,(anonymous_34)
FNDA:19,(anonymous_35)
FNDA:49,(anonymous_36)
FNDA:3,(anonymous_37)
FNDA:35,(anonymous_38)
FNDA:0,wrapDarkMode
FNDA:0,(anonymous_40)
FNDA:0,(anonymous_41)
FNDA:8,(anonymous_42)
FNDA:0,(anonymous_43)
FNDA:0,(anonymous_44)
FNDA:0,(anonymous_45)
FNDA:0,(anonymous_46)
FNDA:63,(anonymous_47)
FNDA:127,(anonymous_48)
FNDA:0,(anonymous_49)
FNDA:0,(anonymous_50)
FNDA:0,(anonymous_51)
DA:1,2
DA:2,2
DA:3,2
DA:52,2
DA:56,8
DA:57,8
DA:365,0
DA:366,0
DA:367,0
DA:368,0
DA:369,0
DA:370,0
DA:372,0
DA:377,11376
DA:378,11376
DA:382,13856
DA:385,11376
DA:386,11376
DA:399,10958
DA:400,10958
DA:402,10958
DA:403,10958
DA:405,0
DA:409,10958
DA:410,160
DA:411,160
DA:416,160
DA:418,0
DA:419,0
DA:423,10958
DA:428,4816
DA:430,4816
DA:433,4648
DA:435,4648
DA:437,664
DA:441,664
DA:443,664
DA:447,664
DA:449,664
DA:452,664
DA:454,664
DA:457,664
DA:459,664
DA:462,664
DA:464,664
DA:467,664
DA:469,664
DA:472,664
DA:477,10958
DA:478,10958
DA:479,10958
DA:481,10958
DA:482,10870
DA:483,10870
DA:487,10958
DA:488,688
DA:489,688
DA:490,688
DA:491,688
DA:492,688
DA:493,688
DA:495,10270
DA:496,344
DA:497,9926
DA:498,344
DA:499,9582
DA:500,344
DA:501,9238
DA:502,344
DA:503,8894
DA:504,344
DA:505,8550
DA:506,344
DA:507,8206
DA:508,344
DA:509,7862
DA:510,344
DA:511,7518
DA:512,344
DA:513,7174
DA:514,344
DA:515,6830
DA:516,344
DA:517,6486
DA:518,344
DA:519,6142
DA:520,176
DA:521,176
DA:522,0
DA:523,5966
DA:524,56
DA:525,56
DA:526,0
DA:530,5910
DA:533,298
DA:535,160
DA:536,160
DA:537,160
DA:538,160
DA:541,0
DA:543,0
DA:549,138
DA:550,138
DA:551,34
DA:556,138
DA:557,138
DA:558,104
DA:561,104
DA:562,104
DA:571,298
DA:574,194
DA:576,160
DA:577,160
DA:578,160
DA:579,160
DA:582,0
DA:584,0
DA:590,34
DA:591,34
DA:592,34
DA:597,34
DA:598,0
DA:601,34
DA:602,0
DA:605,34
DA:606,0
DA:609,34
DA:610,0
DA:616,34
DA:617,0
DA:623,34
DA:624,0
DA:627,34
DA:630,0
DA:636,34
DA:637,0
DA:640,34
DA:641,0
DA:644,34
DA:645,0
DA:648,34
DA:649,0
DA:652,34
DA:653,0
DA:656,34
DA:657,0
DA:660,34
DA:661,0
DA:664,34
DA:665,0
DA:668,34
DA:669,0
DA:672,34
DA:673,0
DA:676,34
DA:677,0
DA:678,0
DA:688,0
DA:689,0
DA:698,194
DA:700,72
DA:701,72
DA:702,72
DA:705,72
DA:707,112
DA:708,112
DA:709,112
DA:712,112
DA:714,64
DA:715,64
DA:716,64
DA:719,64
DA:721,56
DA:722,56
DA:723,56
DA:726,56
DA:728,120
DA:729,120
DA:730,120
DA:733,120
DA:735,72
DA:739,72
DA:740,72
DA:741,0
DA:751,72
DA:752,0
DA:762,72
DA:763,0
DA:773,72
DA:774,0
DA:784,72
DA:785,0
DA:791,72
DA:792,0
DA:798,72
DA:799,0
DA:805,72
DA:806,0
DA:813,72
DA:820,72
DA:822,242
DA:824,160
DA:825,160
DA:826,160
DA:831,0
DA:832,0
DA:833,0
DA:839,82
DA:848,242
DA:850,168
DA:851,0
DA:852,0
DA:853,0
DA:856,168
DA:857,0
DA:858,0
DA:859,0
DA:862,168
DA:864,8
DA:868,168
DA:870,0
DA:871,0
DA:872,0
DA:873,0
DA:879,0
DA:880,0
DA:881,0
DA:882,0
DA:885,0
DA:886,0
DA:887,0
DA:888,0
DA:891,0
DA:892,0
DA:896,0
DA:898,0
DA:899,0
DA:900,0
DA:901,0
DA:907,0
DA:908,0
DA:909,0
DA:910,0
DA:913,0
DA:914,0
DA:915,0
DA:916,0
DA:919,0
DA:920,0
DA:924,0
DA:926,0
DA:927,0
DA:928,0
DA:929,0
DA:930,0
DA:931,0
DA:932,0
DA:933,0
DA:935,0
DA:936,0
DA:938,0
DA:940,0
DA:941,0
DA:947,0
DA:948,0
DA:955,0
DA:957,8
DA:960,8
DA:962,8
DA:965,8
DA:967,8
DA:970,8
DA:972,8
DA:975,8
DA:977,8
DA:980,8
DA:985,1376
DA:986,1376
DA:987,1328
DA:990,1376
DA:992,1032
DA:993,344
DA:994,344
DA:995,332
DA:999,688
DA:1000,344
DA:1001,344
DA:1002,332
DA:1007,344
DA:1008,344
DA:1009,332
DA:1016,1032
DA:1018,120
DA:1025,40
DA:1028,80
DA:1029,40
DA:1032,40
DA:1033,40
DA:1037,120
DA:1039,0
DA:1042,0
DA:1044,0
DA:1047,0
DA:1067,0
DA:1070,0
DA:1075,0
DA:1078,0
DA:1080,0
DA:1086,0
DA:1089,56
DA:1090,56
DA:1091,56
DA:1094,56
DA:1096,72
DA:1097,72
DA:1098,72
DA:1101,72
DA:1103,40
DA:1107,40
DA:1108,40
DA:1114,40
DA:1116,0
DA:1117,0
DA:1118,0
DA:1121,0
DA:1124,0
DA:1127,0
DA:1129,0
DA:1130,0
DA:1132,0
DA:1133,0
DA:1134,0
DA:1135,0
DA:1138,0
DA:1139,0
DA:1142,0
DA:1143,0
DA:1144,0
DA:1146,0
DA:1152,0
DA:1155,8
DA:1156,8
DA:1168,8
DA:1170,8
DA:1171,8
DA:1182,8
DA:1184,344
DA:1185,344
DA:1186,332
DA:1189,344
DA:1191,344
DA:1192,344
DA:1193,332
DA:1196,344
DA:1198,0
DA:1199,0
DA:1200,0
DA:1203,0
DA:1205,0
DA:1206,0
DA:1207,0
DA:1210,0
DA:1212,0
DA:1213,0
DA:1215,0
DA:1216,0
DA:1218,0
DA:1219,0
DA:1223,0
DA:1226,0
DA:1228,0
DA:1231,0
DA:1233,0
DA:1236,0
DA:1238,0
DA:1241,0
DA:1243,0
DA:1246,0
DA:1248,0
DA:1251,0
DA:1255,0
DA:1261,0
DA:1263,8
DA:1264,8
DA:1266,16
DA:1269,16
DA:1271,0
DA:1274,0
DA:1276,8
DA:1277,8
DA:1279,96
DA:1280,8
DA:1283,88
DA:1284,8
DA:1287,80
DA:1288,8
DA:1291,72
DA:1292,8
DA:1295,64
DA:1296,8
DA:1299,56
DA:1300,8
DA:1303,48
DA:1304,8
DA:1307,40
DA:1308,8
DA:1311,32
DA:1312,8
DA:1313,24
DA:1314,8
DA:1317,16
DA:1318,8
DA:1321,8
DA:1322,8
DA:1323,96
DA:1325,40
DA:1326,8
DA:1329,32
DA:1330,8
DA:1333,24
DA:1334,8
DA:1337,16
DA:1338,8
DA:1341,8
DA:1342,8
DA:1345,40
DA:1347,48
DA:1348,8
DA:1351,40
DA:1352,8
DA:1355,32
DA:1356,8
DA:1359,24
DA:1360,8
DA:1363,16
DA:1364,8
DA:1367,8
DA:1368,8
DA:1371,48
DA:1373,0
DA:1376,0
DA:1378,0
DA:1381,0
DA:1383,0
DA:1386,0
DA:1391,10958
DA:1392,1524
DA:1394,0
DA:1395,0
DA:1396,0
DA:1403,0
DA:1404,0
DA:1408,0
DA:1413,10958
DA:1414,344
DA:1415,344
DA:1416,332
DA:1417,84
DA:1419,248
DA:1422,10614
DA:1423,344
DA:1424,344
DA:1425,332
DA:1426,84
DA:1428,248
DA:1431,10270
DA:1432,344
DA:1433,344
DA:1434,332
DA:1435,84
DA:1437,248
DA:1440,9926
DA:1441,344
DA:1442,344
DA:1443,332
DA:1444,84
DA:1446,248
DA:1449,9582
DA:1450,0
DA:1451,9582
DA:1452,0
DA:1453,9582
DA:1454,0
DA:1455,9582
DA:1456,0
DA:1459,10958
DA:1468,12
DA:1469,12
DA:1471,4
DA:1472,4
DA:1475,4
DA:1477,3
DA:1479,0
DA:1481,0
DA:1483,0
DA:1485,0
DA:1487,0
DA:1489,0
DA:1491,0
DA:1493,0
DA:1495,1
DA:1497,0
DA:1502,0
DA:1507,0
DA:1509,0
DA:1511,0
DA:1513,0
DA:1515,0
DA:1517,0
DA:1522,0
DA:1527,0
DA:1529,0
DA:1531,0
DA:1533,0
DA:1535,0
DA:1537,0
DA:1539,0
DA:1541,0
DA:1546,0
DA:1549,0
DA:1554,2
DA:1560,12
DA:1561,12
DA:1563,8
DA:1567,2
DA:1568,8
DA:1572,8
DA:1573,8
DA:1574,8
DA:1575,8
DA:1576,8
DA:1578,8
DA:1588,8
DA:1591,8
DA:1594,8
DA:1595,0
DA:1599,8
DA:1601,8
DA:1603,8
DA:1605,152
DA:1607,152
DA:1608,152
DA:1609,1666
DA:1610,344
DA:1611,344
DA:1612,344
DA:1613,344
DA:1614,344
DA:1615,344
DA:1616,344
DA:1617,344
DA:1618,344
DA:1619,344
DA:1620,344
DA:1621,344
DA:1622,344
DA:1623,344
DA:1624,344
DA:1625,344
DA:1626,344
DA:1627,344
DA:1628,344
DA:1629,344
DA:1630,344
DA:1631,344
DA:1632,344
DA:1633,344
DA:1634,344
DA:1636,344
DA:1637,8
DA:1638,8
DA:1639,8
DA:1643,1322
DA:1644,176
DA:1645,1146
DA:1646,56
DA:1647,1090
DA:1648,50
DA:1652,16
DA:1653,160
DA:1654,160
DA:1655,160
DA:1656,160
DA:1659,34
DA:1660,34
DA:1661,34
DA:1663,1040
DA:1664,104
DA:1665,936
DA:1666,72
DA:1667,864
DA:1668,112
DA:1669,752
DA:1670,64
DA:1671,688
DA:1672,56
DA:1673,632
DA:1674,120
DA:1675,512
DA:1676,72
DA:1677,440
DA:1678,40
DA:1680,400
DA:1681,104
DA:1682,296
DA:1683,56
DA:1684,240
DA:1685,32
DA:1686,208
DA:1687,56
DA:1688,152
DA:1689,72
DA:1690,80
DA:1691,40
DA:1697,8
DA:1698,8
DA:1699,8
DA:1700,8
DA:1701,8
DA:1702,8
DA:1703,8
DA:1704,8
DA:1705,8
DA:1706,8
DA:1707,8
DA:1708,8
DA:1709,8
DA:1710,8
DA:1711,8
DA:1712,8
DA:1713,8
DA:1714,8
DA:1715,8
DA:1716,8
DA:1717,8
DA:1718,8
DA:1719,8
DA:1720,8
DA:1721,8
DA:1722,8
DA:1723,8
DA:1724,8
DA:1725,8
DA:1726,8
DA:1727,8
DA:1728,8
DA:1729,8
DA:1730,8
DA:1731,8
DA:1732,8
DA:1733,8
DA:1734,8
DA:1735,8
DA:1736,8
DA:1737,8
DA:1738,8
DA:1739,8
DA:1740,8
DA:1741,8
DA:1742,8
DA:1743,8
DA:1747,8
DA:1748,8
DA:1752,8
DA:1754,10958
DA:1755,8
DA:1757,10950
DA:1759,10958
DA:1760,9442
DA:1764,8
DA:1765,8
DA:1767,8
DA:1768,11
DA:1769,11
DA:1770,11
DA:1771,11
DA:1772,11
DA:1777,8
DA:1778,1
DA:1779,1
DA:1784,1
DA:1788,8
DA:1789,11
DA:1790,19
DA:1792,19
DA:1794,19
DA:1795,19
DA:1796,3
DA:1797,2
DA:1798,2
DA:1800,3
DA:1801,3
DA:1802,5
DA:1804,3
DA:1806,5
DA:1813,19
DA:1816,19
DA:1817,4
DA:1823,19
DA:1824,19
DA:1825,19
DA:1828,19
DA:1830,2
DA:1832,2
DA:1833,2
DA:1834,0
DA:1836,2
DA:1842,2
DA:1843,1
DA:1844,1
DA:1845,1
DA:1846,1
DA:1850,1
DA:1851,1
DA:1854,1
DA:1857,1
DA:1858,1
DA:1860,1
DA:1863,1
DA:1866,1
DA:1867,1
DA:1869,1
DA:1873,2
DA:1876,0
DA:1880,0
DA:1882,0
DA:1885,0
DA:1889,17
DA:1890,1
DA:1891,1
DA:1892,1
DA:1893,1
DA:1897,1
DA:1898,1
DA:1901,1
DA:1904,1
DA:1905,1
DA:1907,1
DA:1910,19
DA:1913,0
DA:1921,8
DA:1922,8
DA:1924,7
DA:1934,7
DA:1935,49
DA:1938,7
DA:1939,3
DA:1940,0
DA:1944,7
DA:1945,35
DA:1950,35
DA:1953,7
DA:1954,7
DA:1959,7
DA:1967,0
DA:1969,0
DA:1970,0
DA:1971,0
DA:1972,0
DA:1974,0
DA:1975,0
DA:1976,0
DA:1977,0
DA:1979,0
DA:1980,0
DA:1981,0
DA:1982,0
DA:1983,0
DA:1986,0
DA:1991,8
DA:1998,8
DA:1999,8
DA:2000,8
DA:2001,8
DA:2002,0
DA:2003,0
DA:2005,8
DA:2006,8
DA:2007,0
DA:2008,0
DA:2009,0
DA:2010,0
DA:2011,0
DA:2012,0
DA:2013,0
DA:2015,0
DA:2021,8
DA:2022,63
DA:2023,63
DA:2024,63
DA:2026,63
DA:2027,127
DA:2028,0
DA:2029,0
DA:2030,127
DA:2031,0
DA:2032,0
DA:2033,127
DA:2034,0
DA:2035,0
DA:2039,63
DA:2040,0
DA:2041,0
DA:2042,0
DA:2043,0
DA:2044,0
DA:2045,0
DA:2047,0
DA:2048,0
DA:2049,0
DA:2050,0
DA:2051,0
DA:2052,0
DA:2053,0
DA:2054,0
DA:2055,0
DA:2056,0
DA:2057,0
DA:2058,0
DA:2059,0
DA:2060,0
DA:2061,0
DA:2062,0
DA:2063,0
DA:2064,0
DA:2065,0
DA:2066,0
DA:2067,0
DA:2068,0
DA:2069,0
DA:2070,0
DA:2071,0
DA:2072,0
DA:2073,0
DA:2074,0
DA:2075,0
DA:2076,0
DA:2077,0
DA:2078,0
DA:2081,0
DA:2082,0
DA:2091,63
DA:2092,0
DA:2093,0
DA:2094,0
DA:2095,0
DA:2096,0
DA:2097,0
DA:2099,0
DA:2100,0
DA:2101,0
DA:2102,0
DA:2103,0
DA:2104,0
DA:2105,0
DA:2106,0
DA:2107,0
DA:2108,0
DA:2109,0
DA:2110,0
DA:2111,0
DA:2112,0
DA:2113,0
DA:2114,0
DA:2115,0
DA:2116,0
DA:2117,0
DA:2118,0
DA:2119,0
DA:2120,0
DA:2121,0
DA:2122,0
DA:2123,0
DA:2124,0
DA:2125,0
DA:2126,0
DA:2127,0
DA:2130,0
DA:2131,0
DA:2140,63
DA:2141,0
DA:2142,0
DA:2143,0
DA:2144,0
DA:2145,0
DA:2146,0
DA:2148,0
DA:2149,0
DA:2150,0
DA:2151,0
DA:2154,0
DA:2155,0
DA:2165,8
DA:2171,2
DA:2173,2
LF:895
LH:565
BRDA:365,0,0,0
BRDA:365,0,1,0
BRDA:367,1,0,0
BRDA:367,1,1,0
BRDA:369,2,0,0
BRDA:369,2,1,0
BRDA:382,3,0,13856
BRDA:382,3,1,0
BRDA:382,4,0,13856
BRDA:382,4,1,13856
BRDA:386,5,0,694
BRDA:386,5,1,10682
BRDA:386,6,0,11376
BRDA:386,6,1,10682
BRDA:403,7,0,0
BRDA:403,7,1,10958
BRDA:411,8,0,160
BRDA:411,8,1,0
BRDA:412,9,0,160
BRDA:412,9,1,160
BRDA:412,9,2,160
BRDA:419,10,0,0
BRDA:419,10,1,0
BRDA:430,11,0,168
BRDA:430,11,1,4648
BRDA:430,12,0,4816
BRDA:430,12,1,168
BRDA:433,13,0,56
BRDA:433,13,1,4592
BRDA:433,14,0,4648
BRDA:433,14,1,112
BRDA:435,15,0,664
BRDA:435,15,1,664
BRDA:435,15,2,664
BRDA:435,15,3,664
BRDA:435,15,4,664
BRDA:435,15,5,664
BRDA:435,15,6,664
BRDA:481,16,0,10870
BRDA:481,16,1,88
BRDA:487,17,0,688
BRDA:487,17,1,10270
BRDA:487,18,0,10958
BRDA:487,18,1,10614
BRDA:489,19,0,688
BRDA:489,19,1,0
BRDA:490,20,0,344
BRDA:490,20,1,344
BRDA:495,21,0,344
BRDA:495,21,1,9926
BRDA:497,22,0,344
BRDA:497,22,1,9582
BRDA:499,23,0,344
BRDA:499,23,1,9238
BRDA:501,24,0,344
BRDA:501,24,1,8894
BRDA:503,25,0,344
BRDA:503,25,1,8550
BRDA:505,26,0,344
BRDA:505,26,1,8206
BRDA:507,27,0,344
BRDA:507,27,1,7862
BRDA:509,28,0,344
BRDA:509,28,1,7518
BRDA:511,29,0,344
BRDA:511,29,1,7174
BRDA:513,30,0,344
BRDA:513,30,1,6830
BRDA:515,31,0,344
BRDA:515,31,1,6486
BRDA:517,32,0,344
BRDA:517,32,1,6142
BRDA:519,33,0,176
BRDA:519,33,1,5966
BRDA:521,34,0,0
BRDA:521,34,1,176
BRDA:523,35,0,56
BRDA:523,35,1,5910
BRDA:525,36,0,0
BRDA:525,36,1,56
BRDA:530,37,0,298
BRDA:530,37,1,194
BRDA:530,37,2,72
BRDA:530,37,3,112
BRDA:530,37,4,64
BRDA:530,37,5,56
BRDA:530,37,6,120
BRDA:530,37,7,72
BRDA:530,37,8,242
BRDA:530,37,9,168
BRDA:530,37,10,0
BRDA:530,37,11,0
BRDA:530,37,12,0
BRDA:530,37,13,0
BRDA:530,37,14,8
BRDA:530,37,15,8
BRDA:530,37,16,8
BRDA:530,37,17,8
BRDA:530,37,18,8
BRDA:530,37,19,344
BRDA:530,37,20,688
BRDA:530,37,21,1032
BRDA:530,37,22,1376
BRDA:530,37,23,1032
BRDA:530,37,24,120
BRDA:530,37,25,0
BRDA:530,37,26,0
BRDA:530,37,27,0
BRDA:530,37,28,0
BRDA:530,37,29,0
BRDA:530,37,30,0
BRDA:530,37,31,0
BRDA:530,37,32,0
BRDA:530,37,33,0
BRDA:530,37,34,0
BRDA:530,37,35,0
BRDA:530,37,36,0
BRDA:530,37,37,0
BRDA:530,37,38,0
BRDA:530,37,39,0
BRDA:530,37,40,0
BRDA:530,37,41,0
BRDA:530,37,42,0
BRDA:530,37,43,0
BRDA:530,37,44,0
BRDA:530,37,45,0
BRDA:530,37,46,0
BRDA:530,37,47,0
BRDA:530,37,48,0
BRDA:530,37,49,0
BRDA:530,37,50,56
BRDA:530,37,51,72
BRDA:530,37,52,40
BRDA:530,37,53,0
BRDA:530,37,54,0
BRDA:530,37,55,0
BRDA:530,37,56,0
BRDA:530,37,57,0
BRDA:530,37,58,8
BRDA:530,37,59,8
BRDA:530,37,60,344
BRDA:530,37,61,344
BRDA:530,37,62,0
BRDA:530,37,63,0
BRDA:530,37,64,0
BRDA:530,37,65,0
BRDA:530,37,66,0
BRDA:530,37,67,0
BRDA:530,37,68,0
BRDA:530,37,69,0
BRDA:530,37,70,0
BRDA:530,37,71,0
BRDA:530,37,72,8
BRDA:530,37,73,16
BRDA:530,37,74,0
BRDA:530,37,75,8
BRDA:530,37,76,96
BRDA:530,37,77,40
BRDA:530,37,78,48
BRDA:530,37,79,0
BRDA:530,37,80,0
BRDA:530,37,81,0
BRDA:533,38,0,160
BRDA:533,38,1,138
BRDA:537,39,0,160
BRDA:537,39,1,0
BRDA:537,40,0,160
BRDA:537,40,1,160
BRDA:537,40,2,160
BRDA:537,40,3,160
BRDA:541,41,0,0
BRDA:541,41,1,0
BRDA:550,42,0,34
BRDA:550,42,1,104
BRDA:557,43,0,104
BRDA:557,43,1,34
BRDA:561,44,0,104
BRDA:561,44,1,0
BRDA:561,45,0,0
BRDA:561,45,1,104
BRDA:561,46,0,104
BRDA:561,46,1,104
BRDA:574,47,0,160
BRDA:574,47,1,34
BRDA:578,48,0,160
BRDA:578,48,1,0
BRDA:578,49,0,160
BRDA:578,49,1,160
BRDA:578,49,2,160
BRDA:578,49,3,160
BRDA:582,50,0,0
BRDA:582,50,1,0
BRDA:591,51,0,34
BRDA:591,51,1,0
BRDA:597,52,0,0
BRDA:597,52,1,34
BRDA:601,53,0,0
BRDA:601,53,1,34
BRDA:605,54,0,0
BRDA:605,54,1,34
BRDA:609,55,0,0
BRDA:609,55,1,34
BRDA:616,56,0,0
BRDA:616,56,1,34
BRDA:623,57,0,0
BRDA:623,57,1,34
BRDA:627,58,0,0
BRDA:627,58,1,34
BRDA:636,59,0,0
BRDA:636,59,1,34
BRDA:640,60,0,0
BRDA:640,60,1,34
BRDA:644,61,0,0
BRDA:644,61,1,34
BRDA:648,62,0,0
BRDA:648,62,1,34
BRDA:652,63,0,0
BRDA:652,63,1,34
BRDA:656,64,0,0
BRDA:656,64,1,34
BRDA:660,65,0,0
BRDA:660,65,1,34
BRDA:664,66,0,0
BRDA:664,66,1,34
BRDA:668,67,0,0
BRDA:668,67,1,34
BRDA:672,68,0,0
BRDA:672,68,1,34
BRDA:676,69,0,0
BRDA:676,69,1,34
BRDA:688,70,0,0
BRDA:688,70,1,0
BRDA:701,71,0,72
BRDA:701,71,1,0
BRDA:708,72,0,112
BRDA:708,72,1,0
BRDA:714,73,0,64
BRDA:714,73,1,0
BRDA:715,74,0,64
BRDA:715,74,1,0
BRDA:722,75,0,56
BRDA:722,75,1,0
BRDA:729,76,0,120
BRDA:729,76,1,0
BRDA:737,77,0,72
BRDA:737,77,1,0
BRDA:739,78,0,72
BRDA:739,78,1,0
BRDA:740,79,0,0
BRDA:740,79,1,72
BRDA:751,80,0,0
BRDA:751,80,1,72
BRDA:762,81,0,0
BRDA:762,81,1,72
BRDA:773,82,0,0
BRDA:773,82,1,72
BRDA:784,83,0,0
BRDA:784,83,1,72
BRDA:791,84,0,0
BRDA:791,84,1,72
BRDA:798,85,0,0
BRDA:798,85,1,72
BRDA:805,86,0,0
BRDA:805,86,1,72
BRDA:822,87,0,160
BRDA:822,87,1,82
BRDA:825,88,0,160
BRDA:825,88,1,0
BRDA:832,89,0,0
BRDA:832,89,1,0
BRDA:850,90,0,0
BRDA:850,90,1,168
BRDA:852,91,0,0
BRDA:852,91,1,0
BRDA:856,92,0,0
BRDA:856,92,1,168
BRDA:858,93,0,0
BRDA:858,93,1,0
BRDA:862,94,0,8
BRDA:862,94,1,160
BRDA:870,95,0,0
BRDA:870,95,1,0
BRDA:872,96,0,0
BRDA:872,96,1,0
BRDA:879,97,0,0
BRDA:879,97,1,0
BRDA:881,98,0,0
BRDA:881,98,1,0
BRDA:885,99,0,0
BRDA:885,99,1,0
BRDA:887,100,0,0
BRDA:887,100,1,0
BRDA:891,101,0,0
BRDA:891,101,1,0
BRDA:898,102,0,0
BRDA:898,102,1,0
BRDA:900,103,0,0
BRDA:900,103,1,0
BRDA:907,104,0,0
BRDA:907,104,1,0
BRDA:909,105,0,0
BRDA:909,105,1,0
BRDA:913,106,0,0
BRDA:913,106,1,0
BRDA:915,107,0,0
BRDA:915,107,1,0
BRDA:919,108,0,0
BRDA:919,108,1,0
BRDA:926,109,0,0
BRDA:926,109,1,0
BRDA:928,110,0,0
BRDA:928,110,1,0
BRDA:930,111,0,0
BRDA:930,111,1,0
BRDA:932,112,0,0
BRDA:932,112,1,0
BRDA:936,113,0,0
BRDA:936,113,1,0
BRDA:940,114,0,0
BRDA:940,114,1,0
BRDA:947,115,0,0
BRDA:947,115,1,0
BRDA:986,116,0,1328
BRDA:986,116,1,48
BRDA:992,117,0,344
BRDA:992,117,1,688
BRDA:994,118,0,332
BRDA:994,118,1,12
BRDA:999,119,0,344
BRDA:999,119,1,344
BRDA:1001,120,0,332
BRDA:1001,120,1,12
BRDA:1008,121,0,332
BRDA:1008,121,1,12
BRDA:1018,122,0,40
BRDA:1018,122,1,80
BRDA:1019,123,0,120
BRDA:1019,123,1,112
BRDA:1019,123,2,104
BRDA:1019,123,3,96
BRDA:1019,123,4,88
BRDA:1028,124,0,40
BRDA:1028,124,1,40
BRDA:1032,125,0,40
BRDA:1032,125,1,0
BRDA:1089,126,0,56
BRDA:1089,126,1,0
BRDA:1090,127,0,56
BRDA:1090,127,1,0
BRDA:1097,128,0,72
BRDA:1097,128,1,0
BRDA:1105,129,0,40
BRDA:1105,129,1,0
BRDA:1107,130,0,40
BRDA:1107,130,1,0
BRDA:1117,131,0,0
BRDA:1117,131,1,0
BRDA:1132,132,0,0
BRDA:1132,132,1,0
BRDA:1134,133,0,0
BRDA:1134,133,1,0
BRDA:1138,134,0,0
BRDA:1138,134,1,0
BRDA:1142,135,0,0
BRDA:1142,135,1,0
BRDA:1155,136,0,8
BRDA:1155,136,1,0
BRDA:1170,137,0,8
BRDA:1170,137,1,0
BRDA:1185,138,0,332
BRDA:1185,138,1,12
BRDA:1192,139,0,332
BRDA:1192,139,1,12
BRDA:1199,140,0,0
BRDA:1199,140,1,0
BRDA:1206,141,0,0
BRDA:1206,141,1,0
BRDA:1212,142,0,0
BRDA:1212,142,1,0
BRDA:1212,143,0,0
BRDA:1212,143,1,0
BRDA:1218,144,0,0
BRDA:1218,144,1,0
BRDA:1218,145,0,0
BRDA:1218,145,1,0
BRDA:1279,146,0,8
BRDA:1279,146,1,88
BRDA:1283,147,0,8
BRDA:1283,147,1,80
BRDA:1287,148,0,8
BRDA:1287,148,1,72
BRDA:1291,149,0,8
BRDA:1291,149,1,64
BRDA:1295,150,0,8
BRDA:1295,150,1,56
BRDA:1299,151,0,8
BRDA:1299,151,1,48
BRDA:1303,152,0,8
BRDA:1303,152,1,40
BRDA:1307,153,0,8
BRDA:1307,153,1,32
BRDA:1311,154,0,8
BRDA:1311,154,1,24
BRDA:1313,155,0,8
BRDA:1313,155,1,16
BRDA:1317,156,0,8
BRDA:1317,156,1,8
BRDA:1321,157,0,8
BRDA:1321,157,1,0
BRDA:1325,158,0,8
BRDA:1325,158,1,32
BRDA:1329,159,0,8
BRDA:1329,159,1,24
BRDA:1333,160,0,8
BRDA:1333,160,1,16
BRDA:1337,161,0,8
BRDA:1337,161,1,8
BRDA:1341,162,0,8
BRDA:1341,162,1,0
BRDA:1347,163,0,8
BRDA:1347,163,1,40
BRDA:1351,164,0,8
BRDA:1351,164,1,32
BRDA:1355,165,0,8
BRDA:1355,165,1,24
BRDA:1359,166,0,8
BRDA:1359,166,1,16
BRDA:1363,167,0,8
BRDA:1363,167,1,8
BRDA:1367,168,0,8
BRDA:1367,168,1,0
BRDA:1391,169,0,1524
BRDA:1391,169,1,9434
BRDA:1392,170,0,0
BRDA:1392,170,1,1524
BRDA:1395,171,0,0
BRDA:1395,171,1,0
BRDA:1403,172,0,0
BRDA:1403,172,1,0
BRDA:1413,173,0,344
BRDA:1413,173,1,10614
BRDA:1415,174,0,332
BRDA:1415,174,1,12
BRDA:1416,175,0,84
BRDA:1416,175,1,248
BRDA:1422,176,0,344
BRDA:1422,176,1,10270
BRDA:1424,177,0,332
BRDA:1424,177,1,12
BRDA:1425,178,0,84
BRDA:1425,178,1,248
BRDA:1431,179,0,344
BRDA:1431,179,1,9926
BRDA:1433,180,0,332
BRDA:1433,180,1,12
BRDA:1434,181,0,84
BRDA:1434,181,1,248
BRDA:1440,182,0,344
BRDA:1440,182,1,9582
BRDA:1442,183,0,332
BRDA:1442,183,1,12
BRDA:1443,184,0,84
BRDA:1443,184,1,248
BRDA:1449,185,0,0
BRDA:1449,185,1,9582
BRDA:1450,186,0,0
BRDA:1450,186,1,0
BRDA:1450,187,0,0
BRDA:1450,187,1,0
BRDA:1451,188,0,0
BRDA:1451,188,1,9582
BRDA:1452,189,0,0
BRDA:1452,189,1,0
BRDA:1452,190,0,0
BRDA:1452,190,1,0
BRDA:1453,191,0,0
BRDA:1453,191,1,9582
BRDA:1454,192,0,0
BRDA:1454,192,1,0
BRDA:1455,193,0,0
BRDA:1455,193,1,9582
BRDA:1456,194,0,0
BRDA:1456,194,1,0
BRDA:1469,195,0,8
BRDA:1469,195,1,4
BRDA:1475,196,0,3
BRDA:1475,196,1,0
BRDA:1475,196,2,0
BRDA:1475,196,3,0
BRDA:1475,196,4,0
BRDA:1475,196,5,0
BRDA:1475,196,6,0
BRDA:1475,196,7,0
BRDA:1475,196,8,0
BRDA:1475,196,9,1
BRDA:1475,196,10,0
BRDA:1475,196,11,0
BRDA:1475,196,12,0
BRDA:1475,196,13,0
BRDA:1475,196,14,0
BRDA:1475,196,15,0
BRDA:1475,196,16,0
BRDA:1475,196,17,0
BRDA:1475,196,18,0
BRDA:1475,196,19,0
BRDA:1475,196,20,0
BRDA:1475,196,21,0
BRDA:1475,196,22,0
BRDA:1475,196,23,0
BRDA:1475,196,24,0
BRDA:1475,196,25,0
BRDA:1475,196,26,0
BRDA:1475,196,27,0
BRDA:1475,196,28,0
BRDA:1475,196,29,0
BRDA:1475,196,30,0
BRDA:1475,196,31,0
BRDA:1561,197,0,4
BRDA:1561,197,1,8
BRDA:1573,198,0,8
BRDA:1573,198,1,0
BRDA:1575,199,0,8
BRDA:1575,199,1,0
BRDA:1607,200,0,152
BRDA:1607,200,1,0
BRDA:1607,201,0,152
BRDA:1607,201,1,152
BRDA:1609,202,0,344
BRDA:1609,202,1,1322
BRDA:1636,203,0,8
BRDA:1636,203,1,336
BRDA:1643,204,0,176
BRDA:1643,204,1,1146
BRDA:1645,205,0,56
BRDA:1645,205,1,1090
BRDA:1647,206,0,50
BRDA:1647,206,1,1040
BRDA:1648,207,0,16
BRDA:1648,207,1,34
BRDA:1649,208,0,50
BRDA:1649,208,1,16
BRDA:1663,209,0,104
BRDA:1663,209,1,936
BRDA:1665,210,0,72
BRDA:1665,210,1,864
BRDA:1667,211,0,112
BRDA:1667,211,1,752
BRDA:1669,212,0,64
BRDA:1669,212,1,688
BRDA:1671,213,0,56
BRDA:1671,213,1,632
BRDA:1673,214,0,120
BRDA:1673,214,1,512
BRDA:1675,215,0,72
BRDA:1675,215,1,440
BRDA:1677,216,0,40
BRDA:1677,216,1,400
BRDA:1680,217,0,104
BRDA:1680,217,1,296
BRDA:1682,218,0,56
BRDA:1682,218,1,240
BRDA:1684,219,0,32
BRDA:1684,219,1,208
BRDA:1686,220,0,56
BRDA:1686,220,1,152
BRDA:1688,221,0,72
BRDA:1688,221,1,80
BRDA:1690,222,0,40
BRDA:1690,222,1,40
BRDA:1754,223,0,8
BRDA:1754,223,1,10950
BRDA:1759,224,0,9442
BRDA:1759,224,1,1516
BRDA:1769,225,0,11
BRDA:1769,225,1,0
BRDA:1778,226,0,1
BRDA:1778,226,1,0
BRDA:1795,227,0,3
BRDA:1795,227,1,16
BRDA:1796,228,0,2
BRDA:1796,228,1,1
BRDA:1816,229,0,4
BRDA:1816,229,1,15
BRDA:1816,230,0,19
BRDA:1816,230,1,15
BRDA:1823,231,0,19
BRDA:1823,231,1,0
BRDA:1823,232,0,19
BRDA:1823,232,1,19
BRDA:1828,233,0,2
BRDA:1828,233,1,17
BRDA:1833,234,0,0
BRDA:1833,234,1,2
BRDA:1842,235,0,1
BRDA:1842,235,1,1
BRDA:1845,236,0,1
BRDA:1845,236,1,0
BRDA:1869,237,0,0
BRDA:1869,237,1,1
BRDA:1869,238,0,1
BRDA:1869,238,1,1
BRDA:1880,239,0,0
BRDA:1880,239,1,0
BRDA:1880,240,0,0
BRDA:1880,240,1,0
BRDA:1889,241,0,1
BRDA:1889,241,1,16
BRDA:1892,242,0,1
BRDA:1892,242,1,0
BRDA:1921,243,0,8
BRDA:1921,243,1,0
BRDA:1922,244,0,7
BRDA:1922,244,1,1
BRDA:1935,245,0,0
BRDA:1935,245,1,49
BRDA:1935,246,0,49
BRDA:1935,246,1,49
BRDA:1939,247,0,0
BRDA:1939,247,1,3
BRDA:1939,248,0,3
BRDA:1939,248,1,3
BRDA:1953,249,0,7
BRDA:1953,249,1,0
BRDA:1953,250,0,7
BRDA:1953,250,1,7
BRDA:1967,251,0,0
BRDA:1967,251,1,0
BRDA:1972,252,0,0
BRDA:1972,252,1,0
BRDA:1977,253,0,0
BRDA:1977,253,1,0
BRDA:2001,254,0,0
BRDA:2001,254,1,8
BRDA:2006,255,0,0
BRDA:2006,255,1,8
BRDA:2007,256,0,0
BRDA:2007,256,1,0
BRDA:2012,257,0,0
BRDA:2012,257,1,0
BRDA:2013,258,0,0
BRDA:2013,258,1,0
BRDA:2027,259,0,0
BRDA:2027,259,1,127
BRDA:2030,260,0,0
BRDA:2030,260,1,127
BRDA:2033,261,0,0
BRDA:2033,261,1,127
BRDA:2039,262,0,0
BRDA:2039,262,1,63
BRDA:2047,263,0,0
BRDA:2047,263,1,0
BRDA:2049,264,0,0
BRDA:2049,264,1,0
BRDA:2051,265,0,0
BRDA:2051,265,1,0
BRDA:2053,266,0,0
BRDA:2053,266,1,0
BRDA:2055,267,0,0
BRDA:2055,267,1,0
BRDA:2057,268,0,0
BRDA:2057,268,1,0
BRDA:2059,269,0,0
BRDA:2059,269,1,0
BRDA:2061,270,0,0
BRDA:2061,270,1,0
BRDA:2063,271,0,0
BRDA:2063,271,1,0
BRDA:2065,272,0,0
BRDA:2065,272,1,0
BRDA:2067,273,0,0
BRDA:2067,273,1,0
BRDA:2069,274,0,0
BRDA:2069,274,1,0
BRDA:2071,275,0,0
BRDA:2071,275,1,0
BRDA:2073,276,0,0
BRDA:2073,276,1,0
BRDA:2075,277,0,0
BRDA:2075,277,1,0
BRDA:2077,278,0,0
BRDA:2077,278,1,0
BRDA:2081,279,0,0
BRDA:2081,279,1,0
BRDA:2091,280,0,0
BRDA:2091,280,1,63
BRDA:2099,281,0,0
BRDA:2099,281,1,0
BRDA:2101,282,0,0
BRDA:2101,282,1,0
BRDA:2102,283,0,0
BRDA:2102,283,1,0
BRDA:2104,284,0,0
BRDA:2104,284,1,0
BRDA:2106,285,0,0
BRDA:2106,285,1,0
BRDA:2108,286,0,0
BRDA:2108,286,1,0
BRDA:2110,287,0,0
BRDA:2110,287,1,0
BRDA:2112,288,0,0
BRDA:2112,288,1,0
BRDA:2114,289,0,0
BRDA:2114,289,1,0
BRDA:2116,290,0,0
BRDA:2116,290,1,0
BRDA:2118,291,0,0
BRDA:2118,291,1,0
BRDA:2120,292,0,0
BRDA:2120,292,1,0
BRDA:2122,293,0,0
BRDA:2122,293,1,0
BRDA:2124,294,0,0
BRDA:2124,294,1,0
BRDA:2126,295,0,0
BRDA:2126,295,1,0
BRDA:2130,296,0,0
BRDA:2130,296,1,0
BRDA:2140,297,0,0
BRDA:2140,297,1,63
BRDA:2148,298,0,0
BRDA:2148,298,1,0
BRDA:2150,299,0,0
BRDA:2150,299,1,0
BRDA:2154,300,0,0
BRDA:2154,300,1,0
BRF:725
BRH:373
end_of_record
